\\BOBST.LIB\DATA\PERSONAL\USERS\BA36\MY DOCUMENTS\PDSAUTH-64\PDSAUTH\RELEASE\CONFIG.OBJ
\\BOBST.LIB\DATA\PERSONAL\USERS\BA36\MY DOCUMENTS\PDSAUTH-64\PDSAUTH\RELEASE\COOKIE.OBJ
\\BOBST.LIB\DATA\PERSONAL\USERS\BA36\MY DOCUMENTS\PDSAUTH-64\PDSAUTH\RELEASE\LOGGING.OBJ
\\BOBST.LIB\DATA\PERSONAL\USERS\BA36\MY DOCUMENTS\PDSAUTH-64\PDSAUTH\RELEASE\PDS.OBJ
\\BOBST.LIB\DATA\PERSONAL\USERS\BA36\MY DOCUMENTS\PDSAUTH-64\PDSAUTH\RELEASE\PDSAUTH.DLL
\\BOBST.LIB\DATA\PERSONAL\USERS\BA36\MY DOCUMENTS\PDSAUTH-64\PDSAUTH\RELEASE\PDSAUTH.DLL.INTERMEDIATE.MANIFEST
\\bobst.lib\Data\Personal\Users\ba36\My Documents\PDSAuth-64\PDSAuth\Release\PDSAuth.exp
\\bobst.lib\Data\Personal\Users\ba36\My Documents\PDSAuth-64\PDSAuth\Release\PDSAuth.lib
\\BOBST.LIB\DATA\PERSONAL\USERS\BA36\MY DOCUMENTS\PDSAUTH-64\PDSAUTH\RELEASE\PDSAUTH.OBJ
\\BOBST.LIB\DATA\PERSONAL\USERS\BA36\MY DOCUMENTS\PDSAUTH-64\PDSAUTH\RELEASE\PDSAUTH.PDB
\\BOBST.LIB\DATA\PERSONAL\USERS\BA36\MY DOCUMENTS\PDSAUTH-64\PDSAUTH\RELEASE\VC100.PDB
\\bobst.lib\Data\Personal\Users\ba36\My Documents\PDSAuth-64-Release-v.2.0\PDSAuth\Release\cl.command.1.tlog
\\bobst.lib\Data\Personal\Users\ba36\My Documents\PDSAuth-64-Release-v.2.0\PDSAuth\Release\CL.read.1.tlog
\\bobst.lib\Data\Personal\Users\ba36\My Documents\PDSAuth-64-Release-v.2.0\PDSAuth\Release\CL.write.1.tlog
\\bobst.lib\Data\Personal\Users\ba36\My Documents\PDSAuth-64-Release-v.2.0\PDSAuth\Release\Config.obj
\\bobst.lib\Data\Personal\Users\ba36\My Documents\PDSAuth-64-Release-v.2.0\PDSAuth\Release\Cookie.obj
\\bobst.lib\Data\Personal\Users\ba36\My Documents\PDSAuth-64-Release-v.2.0\PDSAuth\Release\link.command.1.tlog
\\bobst.lib\Data\Personal\Users\ba36\My Documents\PDSAuth-64-Release-v.2.0\PDSAuth\Release\link.read.1.tlog
\\bobst.lib\Data\Personal\Users\ba36\My Documents\PDSAuth-64-Release-v.2.0\PDSAuth\Release\link.write.1.tlog
\\bobst.lib\Data\Personal\Users\ba36\My Documents\PDSAuth-64-Release-v.2.0\PDSAuth\Release\Logging.obj
\\bobst.lib\Data\Personal\Users\ba36\My Documents\PDSAuth-64-Release-v.2.0\PDSAuth\Release\msxml4.tlh
\\bobst.lib\Data\Personal\Users\ba36\My Documents\PDSAuth-64-Release-v.2.0\PDSAuth\Release\msxml4.tli
\\bobst.lib\Data\Personal\Users\ba36\My Documents\PDSAuth-64-Release-v.2.0\PDSAuth\Release\mt.command.1.tlog
\\bobst.lib\Data\Personal\Users\ba36\My Documents\PDSAuth-64-Release-v.2.0\PDSAuth\Release\mt.read.1.tlog
\\bobst.lib\Data\Personal\Users\ba36\My Documents\PDSAuth-64-Release-v.2.0\PDSAuth\Release\mt.write.1.tlog
\\bobst.lib\Data\Personal\Users\ba36\My Documents\PDSAuth-64-Release-v.2.0\PDSAuth\Release\PDS.obj
\\bobst.lib\Data\Personal\Users\ba36\My Documents\PDSAuth-64-Release-v.2.0\PDSAuth\Release\PDSAuth.dll
\\bobst.lib\Data\Personal\Users\ba36\My Documents\PDSAuth-64-Release-v.2.0\PDSAuth\Release\PDSAuth.dll.intermediate.manifest
\\bobst.lib\Data\Personal\Users\ba36\My Documents\PDSAuth-64-Release-v.2.0\PDSAuth\Release\PDSAuth.exp
\\bobst.lib\Data\Personal\Users\ba36\My Documents\PDSAuth-64-Release-v.2.0\PDSAuth\Release\PDSAuth.obj
\\bobst.lib\Data\Personal\Users\ba36\My Documents\PDSAuth-64-Release-v.2.0\PDSAuth\Release\PDSAuth.pdb
\\bobst.lib\Data\Personal\Users\ba36\My Documents\PDSAuth-64-Release-v.2.0\PDSAuth\Release\PDSAuth.write.1.tlog
\\bobst.lib\Data\Personal\Users\ba36\My Documents\PDSAuth-64-Release-v.2.0\PDSAuth\Release\vc100.pdb
Release\PDSAuth.pdb
